[2025-11-15 11:42:50] ERROR - core.browser: ❌ Erro ao iniciar navegador: 'Options' object has no attribute 'add_experimental_option'
[2025-11-15 11:42:50] ERROR - root: Erro: 'Options' object has no attribute 'add_experimental_option'
Traceback (most recent call last):
  File "D:\Discord Bot\CookieGet\main.py", line 33, in main
    extrator.start()
    ~~~~~~~~~~~~~~^^
  File "D:\Discord Bot\CookieGet\core\cookie_extractor.py", line 35, in start
    self.browser.start()
    ~~~~~~~~~~~~~~~~~~^^
  File "D:\Discord Bot\CookieGet\core\browser.py", line 46, in start
    options.add_experimental_option("excludeSwitches", ["enable-automation"])
    ^^^^^^^^^^^^^^^^^^^^^^^^^^^^^^^
AttributeError: 'Options' object has no attribute 'add_experimental_option'
[2025-11-15 11:43:23] INFO - WDM: ====== WebDriver manager ======
[2025-11-15 11:43:27] INFO - WDM: Get LATEST geckodriver version for 145.0 firefox
[2025-11-15 11:43:28] INFO - WDM: Get LATEST geckodriver version for 145.0 firefox
[2025-11-15 11:43:28] INFO - WDM: There is no [win64] geckodriver "v0.36.0" for browser firefox "145.0" in cache
[2025-11-15 11:43:28] INFO - WDM: Get LATEST geckodriver version for 145.0 firefox
[2025-11-15 11:43:29] INFO - WDM: Getting latest mozilla release info for v0.36.0
[2025-11-15 11:43:29] INFO - WDM: About to download new driver from https://github.com/mozilla/geckodriver/releases/download/v0.36.0/geckodriver-v0.36.0-win64.zip
[2025-11-15 11:43:30] INFO - WDM: Driver downloading response is 200
[2025-11-15 11:43:31] INFO - WDM: Get LATEST geckodriver version for 145.0 firefox
[2025-11-15 11:43:31] INFO - WDM: Driver has been saved in cache [C:\Users\maxwe\.wdm\drivers\geckodriver\win64\v0.36.0]
[2025-11-15 11:43:36] INFO - core.browser: ✅ Navegador Firefox iniciado com sucesso
[2025-11-15 11:44:43] INFO - core.cookie_extractor: ✅ URL aceita: https://www.roblox.com/users/2426621935/profile
[2025-11-15 11:44:43] INFO - core.cookie_extractor: 🌐 Navegando para perfil: https://www.roblox.com/users/2426621935/profile
[2025-11-15 11:44:45] INFO - core.browser: 🔗 Acessando: https://www.roblox.com/users/2426621935/profile
[2025-11-15 11:44:50] WARNING - core.cookie_extractor: ⚠️ Erro ao extrair informações do perfil: Message: Unable to locate element: [data-qa-id='userprofile-username']; For documentation on this error, please visit: https://www.selenium.dev/documentation/webdriver/troubleshooting/errors#nosuchelementexception
Stacktrace:
RemoteError@chrome://remote/content/shared/RemoteError.sys.mjs:8:8
WebDriverError@chrome://remote/content/shared/webdriver/Errors.sys.mjs:202:5
NoSuchElementError@chrome://remote/content/shared/webdriver/Errors.sys.mjs:555:5
dom.find/</<@chrome://remote/content/shared/DOM.sys.mjs:136:16

[2025-11-15 11:44:52] INFO - core.browser: 🍪 Cookie obtido: .ROBLOSECURITY
[2025-11-15 11:44:52] INFO - core.cookie_extractor: ✅ Cookie .ROBLOSECURITY extraído com sucesso!
[2025-11-15 11:44:54] INFO - core.browser: 🍪 Cookie obtido: .ROBLOSECURITY
[2025-11-15 11:44:54] INFO - core.cookie_extractor: ✅ Cookie .ROBLOSECURITY extraído com sucesso!
[2025-11-15 11:44:57] WARNING - core.cookie_extractor: ⚠️ Erro ao extrair informações do perfil: Message: Unable to locate element: [data-qa-id='userprofile-username']; For documentation on this error, please visit: https://www.selenium.dev/documentation/webdriver/troubleshooting/errors#nosuchelementexception
Stacktrace:
RemoteError@chrome://remote/content/shared/RemoteError.sys.mjs:8:8
WebDriverError@chrome://remote/content/shared/webdriver/Errors.sys.mjs:202:5
NoSuchElementError@chrome://remote/content/shared/webdriver/Errors.sys.mjs:555:5
dom.find/</<@chrome://remote/content/shared/DOM.sys.mjs:136:16

[2025-11-15 11:44:57] INFO - core.cookie_extractor: ✅ Cookie salvo em: D:\Discord Bot\CookieGet\data\roblox_cookies.json
[2025-11-15 11:45:09] INFO - core.browser: ✅ Navegador fechado
[2025-11-15 11:45:32] INFO - WDM: ====== WebDriver manager ======
[2025-11-15 11:45:35] INFO - WDM: Get LATEST geckodriver version for 145.0 firefox
[2025-11-15 11:45:36] INFO - WDM: Get LATEST geckodriver version for 145.0 firefox
[2025-11-15 11:45:36] INFO - WDM: Driver [C:\Users\maxwe\.wdm\drivers\geckodriver\win64\v0.36.0\geckodriver.exe] found in cache
[2025-11-15 11:45:41] INFO - core.browser: ✅ Navegador Firefox iniciado com sucesso
[2025-11-15 11:46:04] INFO - core.cookie_extractor: ✅ URL aceita: https://www.roblox.com/users/2426621935/profile
[2025-11-15 11:46:04] INFO - core.cookie_extractor: 🌐 Navegando para perfil: https://www.roblox.com/users/2426621935/profile
[2025-11-15 11:46:04] ERROR - core.browser: ❌ Erro ao acessar URL: Message: Failed to decode response from marionette

[2025-11-15 11:46:04] ERROR - root: Erro: Message: Failed to decode response from marionette
Traceback (most recent call last):
  File "D:\Discord Bot\CookieGet\main.py", line 40, in main
    extrator.navigate_to_profile()
    ~~~~~~~~~~~~~~~~~~~~~~~~~~~~^^
  File "D:\Discord Bot\CookieGet\core\cookie_extractor.py", line 66, in navigate_to_profile
    self.browser.get_url(self.profile_url)
    ~~~~~~~~~~~~~~~~~~~~^^^^^^^^^^^^^^^^^^
  File "D:\Discord Bot\CookieGet\core\browser.py", line 65, in get_url
    self.driver.get(url)
    ~~~~~~~~~~~~~~~^^^^^
  File "C:\Users\maxwe\AppData\Roaming\Python\Python313\site-packages\selenium\webdriver\remote\webdriver.py", line 483, in get
    self.execute(Command.GET, {"url": url})
    ~~~~~~~~~~~~^^^^^^^^^^^^^^^^^^^^^^^^^^^
  File "C:\Users\maxwe\AppData\Roaming\Python\Python313\site-packages\selenium\webdriver\remote\webdriver.py", line 458, in execute
    self.error_handler.check_response(response)
    ~~~~~~~~~~~~~~~~~~~~~~~~~~~~~~~~~^^^^^^^^^^
  File "C:\Users\maxwe\AppData\Roaming\Python\Python313\site-packages\selenium\webdriver\remote\errorhandler.py", line 233, in check_response
    raise exception_class(message, screen, stacktrace)
selenium.common.exceptions.WebDriverException: Message: Failed to decode response from marionette

[2025-11-15 11:46:06] INFO - core.browser: ✅ Navegador fechado
[2025-11-15 11:48:16] INFO - core.browser: ✅ Perfil Firefox encontrado: C:\Users\maxwe\AppData\Roaming\Mozilla\Firefox\Profiles\3eum5e8j.default
[2025-11-15 11:48:16] INFO - core.browser: 🎯 Usando perfil existente do Firefox: C:\Users\maxwe\AppData\Roaming\Mozilla\Firefox\Profiles\3eum5e8j.default
[2025-11-15 11:48:16] INFO - WDM: ====== WebDriver manager ======
[2025-11-15 11:48:19] INFO - WDM: Get LATEST geckodriver version for 145.0 firefox
[2025-11-15 11:48:20] INFO - WDM: Get LATEST geckodriver version for 145.0 firefox
[2025-11-15 11:48:20] INFO - WDM: Driver [C:\Users\maxwe\.wdm\drivers\geckodriver\win64\v0.36.0\geckodriver.exe] found in cache
[2025-11-15 11:48:25] INFO - core.browser: ✅ Navegador Firefox iniciado com sucesso
[2025-11-15 11:48:33] INFO - core.browser: ✅ Perfil Firefox encontrado: C:\Users\maxwe\AppData\Roaming\Mozilla\Firefox\Profiles\3eum5e8j.default
[2025-11-15 11:48:33] INFO - core.browser: 🎯 Usando perfil existente do Firefox: C:\Users\maxwe\AppData\Roaming\Mozilla\Firefox\Profiles\3eum5e8j.default
[2025-11-15 11:48:33] INFO - WDM: ====== WebDriver manager ======
[2025-11-15 11:48:35] INFO - WDM: Get LATEST geckodriver version for 145.0 firefox
[2025-11-15 11:48:36] INFO - WDM: Get LATEST geckodriver version for 145.0 firefox
[2025-11-15 11:48:36] INFO - WDM: Driver [C:\Users\maxwe\.wdm\drivers\geckodriver\win64\v0.36.0\geckodriver.exe] found in cache
[2025-11-15 11:48:41] INFO - core.browser: ✅ Navegador Firefox iniciado com sucesso
[2025-11-15 11:49:29] INFO - root: Processo cancelado pelo usuário
[2025-11-15 11:49:29] WARNING - urllib3.connectionpool: Retrying (Retry(total=2, connect=None, read=None, redirect=None, status=None)) after connection broken by 'ConnectionResetError(10054, 'Foi forçado o cancelamento de uma conexão existente pelo host remoto', None, 10054, None)': /session/950535ba-1653-46c9-be25-8f93ba9c708b
[2025-11-15 11:49:33] WARNING - urllib3.connectionpool: Retrying (Retry(total=1, connect=None, read=None, redirect=None, status=None)) after connection broken by 'NewConnectionError('<urllib3.connection.HTTPConnection object at 0x000001F3DDA53ED0>: Failed to establish a new connection: [WinError 10061] Nenhuma conexão pôde ser feita porque a máquina de destino as recusou ativamente')': /session/950535ba-1653-46c9-be25-8f93ba9c708b
[2025-11-15 11:49:37] WARNING - urllib3.connectionpool: Retrying (Retry(total=0, connect=None, read=None, redirect=None, status=None)) after connection broken by 'NewConnectionError('<urllib3.connection.HTTPConnection object at 0x000001F3DE3F4410>: Failed to establish a new connection: [WinError 10061] Nenhuma conexão pôde ser feita porque a máquina de destino as recusou ativamente')': /session/950535ba-1653-46c9-be25-8f93ba9c708b
[2025-11-15 11:49:41] INFO - core.browser: ✅ Navegador fechado
[2025-11-15 11:50:00] INFO - core.browser: ⏳ Aguardando Firefox estar pronto...
[2025-11-15 11:50:02] INFO - WDM: ====== WebDriver manager ======
[2025-11-15 11:50:04] INFO - WDM: Get LATEST geckodriver version for 145.0 firefox
[2025-11-15 11:50:05] INFO - WDM: Get LATEST geckodriver version for 145.0 firefox
[2025-11-15 11:50:05] INFO - WDM: Driver [C:\Users\maxwe\.wdm\drivers\geckodriver\win64\v0.36.0\geckodriver.exe] found in cache
[2025-11-15 11:50:10] INFO - core.browser: ✅ Conectado ao Firefox com sucesso
[2025-11-15 11:50:16] INFO - core.cookie_extractor: ✅ URL aceita: https://www.roblox.com/users/2426621935/profile
[2025-11-15 11:50:16] INFO - core.cookie_extractor: 🌐 Navegando para perfil: https://www.roblox.com/users/2426621935/profile
[2025-11-15 11:50:19] INFO - core.browser: 🔗 Acessando: https://www.roblox.com/users/2426621935/profile
[2025-11-15 11:50:24] WARNING - core.cookie_extractor: ⚠️ Erro ao extrair informações do perfil: Message: Unable to locate element: [data-qa-id='userprofile-username']; For documentation on this error, please visit: https://www.selenium.dev/documentation/webdriver/troubleshooting/errors#nosuchelementexception
Stacktrace:
RemoteError@chrome://remote/content/shared/RemoteError.sys.mjs:8:8
WebDriverError@chrome://remote/content/shared/webdriver/Errors.sys.mjs:202:5
NoSuchElementError@chrome://remote/content/shared/webdriver/Errors.sys.mjs:555:5
dom.find/</<@chrome://remote/content/shared/DOM.sys.mjs:136:16

[2025-11-15 11:50:26] WARNING - core.browser: ⚠️ Cookie não encontrado: .ROBLOSECURITY
[2025-11-15 11:50:26] WARNING - core.cookie_extractor: ⚠️ Cookie .ROBLOSECURITY não encontrado
[2025-11-15 11:50:26] INFO - core.cookie_extractor: 💡 Certifique-se de estar logado na conta do Roblox
[2025-11-15 11:52:45] INFO - core.browser: ✅ Firefox já está em execução
[2025-11-15 11:52:45] INFO - core.browser: ✅ Perfil Firefox encontrado: C:\Users\maxwe\AppData\Roaming\Mozilla\Firefox\Profiles\3eum5e8j.default
[2025-11-15 11:52:54] INFO - core.cookie_extractor: ✅ URL aceita: https://www.roblox.com/users/2426621935/profile
[2025-11-15 11:52:54] INFO - core.cookie_extractor: 🌐 Abrindo perfil no Firefox: https://www.roblox.com/users/2426621935/profile
[2025-11-15 11:53:04] INFO - core.cookie_extractor: ✅ Informações extraídas - User ID: 2426621935
[2025-11-15 11:53:04] INFO - core.cookie_extractor: 🍪 Procurando cookie .ROBLOSECURITY no Firefox...
[2025-11-15 11:53:04] WARNING - core.browser: ⚠️ Arquivo de cookies não encontrado: C:\Users\maxwe\AppData\Roaming\Mozilla\Firefox\Profiles\3eum5e8j.default\cookies.sqlite
[2025-11-15 11:53:04] WARNING - core.browser: ⚠️ Cookie não encontrado: .ROBLOSECURITY
[2025-11-15 11:53:04] WARNING - core.cookie_extractor: ⚠️ Cookie .ROBLOSECURITY não encontrado
[2025-11-15 11:53:04] INFO - core.cookie_extractor: 💡 Certifique-se de estar logado na conta do Roblox
[2025-11-15 11:53:15] INFO - core.browser: ✅ Firefox fechado
[2025-11-15 11:53:43] INFO - core.browser: ✅ Firefox já está em execução
[2025-11-15 11:53:43] INFO - core.browser: ✅ Perfil Firefox encontrado: C:\Users\maxwe\AppData\Roaming\Mozilla\Firefox\Profiles\asv7wudm.default-release
[2025-11-15 11:53:43] INFO - core.cookie_extractor: ✅ URL aceita: https://www.roblox.com/users/2426621935/profile
[2025-11-15 11:53:43] INFO - core.cookie_extractor: 🌐 Abrindo perfil no Firefox: https://www.roblox.com/users/2426621935/profile
[2025-11-15 11:53:53] INFO - core.cookie_extractor: ✅ Informações extraídas - User ID: 2426621935
[2025-11-15 11:53:53] INFO - core.cookie_extractor: 🍪 Procurando cookie .ROBLOSECURITY no Firefox...
[2025-11-15 11:53:53] INFO - core.browser: ✅ 17 cookie(s) extraído(s) do Firefox
[2025-11-15 11:53:53] INFO - core.browser: 🍪 Cookie encontrado: .ROBLOSECURITY
[2025-11-15 11:53:53] INFO - core.cookie_extractor: ✅ Cookie .ROBLOSECURITY encontrado!
[2025-11-15 11:53:53] INFO - core.cookie_extractor: 🍪 Procurando cookie .ROBLOSECURITY no Firefox...
[2025-11-15 11:53:53] INFO - core.browser: ✅ 17 cookie(s) extraído(s) do Firefox
[2025-11-15 11:53:53] INFO - core.browser: 🍪 Cookie encontrado: .ROBLOSECURITY
[2025-11-15 11:53:53] INFO - core.cookie_extractor: ✅ Cookie .ROBLOSECURITY encontrado!
[2025-11-15 11:53:53] INFO - core.cookie_extractor: ✅ Informações extraídas - User ID: 2426621935
[2025-11-15 11:53:53] INFO - core.cookie_extractor: ✅ Cookie salvo em: D:\Discord Bot\CookieGet\data\roblox_cookies.json
[2025-11-15 11:53:53] ERROR - root: Erro: EOF when reading a line
Traceback (most recent call last):
  File "D:\Discord Bot\CookieGet\main.py", line 77, in main
    input()
    ~~~~~^^
EOFError: EOF when reading a line
[2025-11-15 11:53:54] INFO - core.browser: ✅ Firefox fechado
[2025-11-15 11:54:13] INFO - core.browser: ✅ Firefox já está em execução
[2025-11-15 11:54:13] INFO - core.browser: ✅ Perfil Firefox encontrado: C:\Users\maxwe\AppData\Roaming\Mozilla\Firefox\Profiles\asv7wudm.default-release
[2025-11-15 11:54:17] INFO - core.cookie_extractor: ✅ URL aceita: https://www.roblox.com/users/2426621935/profile
[2025-11-15 11:54:17] INFO - core.cookie_extractor: 🌐 Abrindo perfil no Firefox: https://www.roblox.com/users/2426621935/profile
[2025-11-15 11:54:27] INFO - core.cookie_extractor: ✅ Informações extraídas - User ID: 2426621935
[2025-11-15 11:54:27] INFO - core.cookie_extractor: 🍪 Procurando cookie .ROBLOSECURITY no Firefox...
[2025-11-15 11:54:27] INFO - core.browser: ✅ 17 cookie(s) extraído(s) do Firefox
[2025-11-15 11:54:27] INFO - core.browser: 🍪 Cookie encontrado: .ROBLOSECURITY
[2025-11-15 11:54:27] INFO - core.cookie_extractor: ✅ Cookie .ROBLOSECURITY encontrado!
[2025-11-15 11:54:27] INFO - core.cookie_extractor: 🍪 Procurando cookie .ROBLOSECURITY no Firefox...
[2025-11-15 11:54:27] INFO - core.browser: ✅ 17 cookie(s) extraído(s) do Firefox
[2025-11-15 11:54:27] INFO - core.browser: 🍪 Cookie encontrado: .ROBLOSECURITY
[2025-11-15 11:54:27] INFO - core.cookie_extractor: ✅ Cookie .ROBLOSECURITY encontrado!
[2025-11-15 11:54:27] INFO - core.cookie_extractor: ✅ Informações extraídas - User ID: 2426621935
[2025-11-15 11:54:27] INFO - core.cookie_extractor: ✅ Cookie salvo em: D:\Discord Bot\CookieGet\data\roblox_cookies.json
[2025-11-15 11:54:33] INFO - core.browser: ✅ Firefox fechado
[2025-11-15 11:55:31] INFO - core.browser: 🌐 Abrindo Firefox...
[2025-11-15 11:55:31] ERROR - core.browser: ❌ Erro ao iniciar Firefox: [WinError 2] O sistema não pode encontrar o arquivo especificado
[2025-11-15 11:55:31] ERROR - root: Erro: [WinError 2] O sistema não pode encontrar o arquivo especificado
Traceback (most recent call last):
  File "D:\Discord Bot\CookieGet\main.py", line 33, in main
    extrator.start()
    ~~~~~~~~~~~~~~^^
  File "D:\Discord Bot\CookieGet\core\cookie_extractor.py", line 34, in start
    self.browser.start()
    ~~~~~~~~~~~~~~~~~~^^
  File "D:\Discord Bot\CookieGet\core\browser.py", line 68, in start
    subprocess.Popen(["firefox"])
    ~~~~~~~~~~~~~~~~^^^^^^^^^^^^^
  File "C:\Python313\Lib\subprocess.py", line 1039, in __init__
    self._execute_child(args, executable, preexec_fn, close_fds,
    ~~~~~~~~~~~~~~~~~~~^^^^^^^^^^^^^^^^^^^^^^^^^^^^^^^^^^^^^^^^^
                        pass_fds, cwd, env,
                        ^^^^^^^^^^^^^^^^^^^
    ...<5 lines>...
                        gid, gids, uid, umask,
                        ^^^^^^^^^^^^^^^^^^^^^^
                        start_new_session, process_group)
                        ^^^^^^^^^^^^^^^^^^^^^^^^^^^^^^^^^
  File "C:\Python313\Lib\subprocess.py", line 1554, in _execute_child
    hp, ht, pid, tid = _winapi.CreateProcess(executable, args,
                       ~~~~~~~~~~~~~~~~~~~~~^^^^^^^^^^^^^^^^^^
                             # no special security
                             ^^^^^^^^^^^^^^^^^^^^^
    ...<4 lines>...
                             cwd,
                             ^^^^
                             startupinfo)
                             ^^^^^^^^^^^^
FileNotFoundError: [WinError 2] O sistema não pode encontrar o arquivo especificado
[2025-11-15 11:56:18] INFO - core.browser: 🌐 Abrindo Firefox...
[2025-11-15 11:56:18] ERROR - core.browser: ❌ Erro ao iniciar Firefox: [WinError 2] O sistema não pode encontrar o arquivo especificado
[2025-11-15 11:56:18] ERROR - root: Erro: [WinError 2] O sistema não pode encontrar o arquivo especificado
Traceback (most recent call last):
  File "D:\Discord Bot\CookieGet\main.py", line 33, in main
    extrator.start()
    ~~~~~~~~~~~~~~^^
  File "D:\Discord Bot\CookieGet\core\cookie_extractor.py", line 34, in start
    self.browser.start()
    ~~~~~~~~~~~~~~~~~~^^
  File "D:\Discord Bot\CookieGet\core\browser.py", line 68, in start
    subprocess.Popen(["firefox"])
    ~~~~~~~~~~~~~~~~^^^^^^^^^^^^^
  File "C:\Python313\Lib\subprocess.py", line 1039, in __init__
    self._execute_child(args, executable, preexec_fn, close_fds,
    ~~~~~~~~~~~~~~~~~~~^^^^^^^^^^^^^^^^^^^^^^^^^^^^^^^^^^^^^^^^^
                        pass_fds, cwd, env,
                        ^^^^^^^^^^^^^^^^^^^
    ...<5 lines>...
                        gid, gids, uid, umask,
                        ^^^^^^^^^^^^^^^^^^^^^^
                        start_new_session, process_group)
                        ^^^^^^^^^^^^^^^^^^^^^^^^^^^^^^^^^
  File "C:\Python313\Lib\subprocess.py", line 1554, in _execute_child
    hp, ht, pid, tid = _winapi.CreateProcess(executable, args,
                       ~~~~~~~~~~~~~~~~~~~~~^^^^^^^^^^^^^^^^^^
                             # no special security
                             ^^^^^^^^^^^^^^^^^^^^^
    ...<4 lines>...
                             cwd,
                             ^^^^
                             startupinfo)
                             ^^^^^^^^^^^^
FileNotFoundError: [WinError 2] O sistema não pode encontrar o arquivo especificado
[2025-11-15 11:56:48] INFO - core.browser: ✅ Firefox já está em execução
[2025-11-15 11:56:48] INFO - core.browser: ✅ Perfil Firefox encontrado: C:\Users\maxwe\AppData\Roaming\Mozilla\Firefox\Profiles\asv7wudm.default-release
[2025-11-15 11:56:48] INFO - core.cookie_extractor: ✅ URL aceita: https://www.roblox.com/users/2426621935/profile
[2025-11-15 11:56:48] INFO - core.cookie_extractor: 🌐 Abrindo perfil no Firefox: https://www.roblox.com/users/2426621935/profile
[2025-11-15 11:56:58] INFO - core.cookie_extractor: ✅ Informações extraídas - User ID: 2426621935
[2025-11-15 11:56:58] INFO - core.cookie_extractor: 🍪 Procurando cookie .ROBLOSECURITY no Firefox...
[2025-11-15 11:56:58] INFO - core.browser: ✅ 17 cookie(s) extraído(s) do Firefox
[2025-11-15 11:56:58] INFO - core.browser: 🍪 Cookie encontrado: .ROBLOSECURITY
[2025-11-15 11:56:58] INFO - core.cookie_extractor: ✅ Cookie .ROBLOSECURITY encontrado!
[2025-11-15 11:56:58] INFO - core.cookie_extractor: 🍪 Procurando cookie .ROBLOSECURITY no Firefox...
[2025-11-15 11:56:58] INFO - core.browser: ✅ 17 cookie(s) extraído(s) do Firefox
[2025-11-15 11:56:58] INFO - core.browser: 🍪 Cookie encontrado: .ROBLOSECURITY
[2025-11-15 11:56:58] INFO - core.cookie_extractor: ✅ Cookie .ROBLOSECURITY encontrado!
[2025-11-15 11:56:58] INFO - core.cookie_extractor: ✅ Informações extraídas - User ID: 2426621935
[2025-11-15 11:56:58] INFO - core.cookie_extractor: ✅ Cookie salvo em: D:\Discord Bot\CookieGet\data\roblox_cookies.json
[2025-11-15 11:56:58] INFO - core.browser: 📑 Fechando aba atual...
[2025-11-15 11:56:59] INFO - core.browser: ✅ Aba fechada com sucesso
